<?xml version="1.0" encoding="UTF-8"?>
<testng-results ignored="0" total="3" passed="3" failed="0" skipped="0">
  <reporter-output>
  </reporter-output>
  <suite started-at="2024-06-01T12:08:12 IST" name="Default suite" finished-at="2024-06-01T12:08:16 IST" duration-ms="3721">
    <groups>
    </groups>
    <test started-at="2024-06-01T12:08:12 IST" name="Default test" finished-at="2024-06-01T12:08:16 IST" duration-ms="3721">
      <class name="myTestsList.TestReqSpecification">
        <test-method signature="getData()[pri:0, instance:myTestsList.TestReqSpecification@9597028]" started-at="2024-06-01T12:08:12 IST" name="getData" finished-at="2024-06-01T12:08:15 IST" duration-ms="3293" status="PASS">
          <reporter-output>
          </reporter-output>
        </test-method> <!-- getData -->
        <test-method signature="test_with()[pri:0, instance:myTestsList.TestReqSpecification@9597028]" started-at="2024-06-01T12:08:15 IST" name="test_with" finished-at="2024-06-01T12:08:16 IST" duration-ms="240" status="PASS">
          <reporter-output>
          </reporter-output>
        </test-method> <!-- test_with -->
        <test-method signature="test_without()[pri:0, instance:myTestsList.TestReqSpecification@9597028]" started-at="2024-06-01T12:08:16 IST" name="test_without" finished-at="2024-06-01T12:08:16 IST" duration-ms="141" status="PASS">
          <reporter-output>
          </reporter-output>
        </test-method> <!-- test_without -->
      </class> <!-- myTestsList.TestReqSpecification -->
    </test> <!-- Default test -->
  </suite> <!-- Default suite -->
</testng-results>
