<?xml version="1.0" encoding="UTF-8"?>
<!-- Generated by org.testng.reporters.JUnitXMLReporter -->
<testsuite ignored="0" hostname="ELECEED" failures="0" tests="3" name="Default test" time="3.721" errors="0" timestamp="2024-06-01T12:08:16 IST">
  <testcase classname="myTestsList.TestReqSpecification" name="getData" time="3.293"/>
  <testcase classname="myTestsList.TestReqSpecification" name="test_with" time="0.24"/>
  <testcase classname="myTestsList.TestReqSpecification" name="test_without" time="0.141"/>
</testsuite> <!-- Default test -->
